<?xml version="1.0" encoding="UTF-8"?>
<testsuite xmlns:xsi="http://www.w3.org/2001/XMLSchema-instance" xsi:noNamespaceSchemaLocation="https://maven.apache.org/surefire/maven-surefire-plugin/xsd/surefire-test-report-3.0.xsd" version="3.0" name="com.ecommerce.inventoryservice.InventoryServiceApplicationTests" time="12.682" tests="7" errors="0" skipped="0" failures="0">
  <properties>
[...]
</properties>
  <testcase name="getOnPostOnlyEndpointReturnsMethodNotAllowed" classname="com.ecommerce.inventoryservice.InventoryServiceApplicationTests" time="1.405">
    <system-out><![CDATA[17:45:20.869 [main] INFO org.springframework.test.context.support.AnnotationConfigContextLoaderUtils -- Could not detect default configuration classes for test class [com.ecommerce.inventoryservice.InventoryServiceApplicationTests]: InventoryServiceApplicationTests does not declare any static, non-private, non-final, nested classes annotated with @Configuration.
17:45:21.100 [main] INFO org.springframework.boot.test.context.SpringBootTestContextBootstrapper -- Found @SpringBootConfiguration com.ecommerce.inventoryservice.InventoryServiceApplication for test class com.ecommerce.inventoryservice.InventoryServiceApplicationTests

  .   ____          _            __ _ _
 /\\ / ___'_ __ _ _(_)_ __  __ _ \ \ \ \
( ( )\___ | '_ | '_| | '_ \/ _` | \ \ \ \
 \\/  ___)| |_)| | | | | || (_| |  ) ) ) )
  '  |____| .__|_| |_|_| |_\__, | / / / /
 =========|_|==============|___/=/_/_/_/

 :: Spring Boot ::                (v3.3.4)

2026-06-16T17:45:22.100+05:30  INFO 4388 --- [inventory-service] [           main] c.e.i.InventoryServiceApplicationTests   : Starting InventoryServiceApplicationTests using Java 17.0.19 with PID 4388 (started by user in C:\Users\user\IdeaProjects\ecommerce clone\inventory-service)
2026-06-16T17:45:22.104+05:30  INFO 4388 --- [inventory-service] [           main] c.e.i.InventoryServiceApplicationTests   : No active profile set, falling back to 1 default profile: "default"
2026-06-16T17:45:23.978+05:30  INFO 4388 --- [inventory-service] [           main] .s.d.r.c.RepositoryConfigurationDelegate : Bootstrapping Spring Data JPA repositories in DEFAULT mode.
2026-06-16T17:45:24.130+05:30  INFO 4388 --- [inventory-service] [           main] .s.d.r.c.RepositoryConfigurationDelegate : Finished Spring Data repository scanning in 127 ms. Found 3 JPA repository interfaces.
2026-06-16T17:45:25.239+05:30  INFO 4388 --- [inventory-service] [           main] o.hibernate.jpa.internal.util.LogHelper  : HHH000204: Processing PersistenceUnitInfo [name: default]
2026-06-16T17:45:25.379+05:30  INFO 4388 --- [inventory-service] [           main] org.hibernate.Version                    : HHH000412: Hibernate ORM core version 6.5.3.Final
2026-06-16T17:45:25.469+05:30  INFO 4388 --- [inventory-service] [           main] o.h.c.internal.RegionFactoryInitiator    : HHH000026: Second-level cache disabled
2026-06-16T17:45:26.343+05:30  INFO 4388 --- [inventory-service] [           main] o.s.o.j.p.SpringPersistenceUnitInfo      : No LoadTimeWeaver setup: ignoring JPA class transformer
2026-06-16T17:45:26.439+05:30  INFO 4388 --- [inventory-service] [           main] com.zaxxer.hikari.HikariDataSource       : HikariPool-1 - Starting...
2026-06-16T17:45:26.861+05:30  INFO 4388 --- [inventory-service] [           main] com.zaxxer.hikari.pool.HikariPool        : HikariPool-1 - Added connection conn0: url=jdbc:h2:mem:inventorydb user=SA
2026-06-16T17:45:26.865+05:30  INFO 4388 --- [inventory-service] [           main] com.zaxxer.hikari.HikariDataSource       : HikariPool-1 - Start completed.
2026-06-16T17:45:28.883+05:30  INFO 4388 --- [inventory-service] [           main] o.h.e.t.j.p.i.JtaPlatformInitiator       : HHH000489: No JTA platform available (set 'hibernate.transaction.jta.platform' to enable JTA platform integration)
2026-06-16T17:45:28.994+05:30  INFO 4388 --- [inventory-service] [           main] j.LocalContainerEntityManagerFactoryBean : Initialized JPA EntityManagerFactory for persistence unit 'default'
2026-06-16T17:45:30.756+05:30  INFO 4388 --- [inventory-service] [           main] o.s.b.a.h2.H2ConsoleAutoConfiguration    : H2 console available at '/h2-console'. Database available at 'jdbc:h2:mem:inventorydb'
2026-06-16T17:45:30.882+05:30  INFO 4388 --- [inventory-service] [           main] o.s.b.t.m.w.SpringBootMockServletContext : Initializing Spring TestDispatcherServlet ''
2026-06-16T17:45:30.883+05:30  INFO 4388 --- [inventory-service] [           main] o.s.t.web.servlet.TestDispatcherServlet  : Initializing Servlet ''
2026-06-16T17:45:30.888+05:30  INFO 4388 --- [inventory-service] [           main] o.s.t.web.servlet.TestDispatcherServlet  : Completed initialization in 2 ms
2026-06-16T17:45:30.938+05:30  INFO 4388 --- [inventory-service] [           main] c.e.i.InventoryServiceApplicationTests   : Started InventoryServiceApplicationTests in 9.5 seconds (process running for 11.861)
]]></system-out>
    <system-err><![CDATA[Jun 16, 2026 5:45:19 PM org.junit.platform.launcher.core.LauncherConfigurationParameters loadClasspathResource
WARNING: Discovered 2 'junit-platform.properties' configuration files in the classpath; only the first will be used.
Jun 16, 2026 5:45:19 PM org.junit.platform.launcher.core.LauncherConfigurationParameters loadClasspathResource
WARNING: Discovered 2 'junit-platform.properties' configuration files in the classpath; only the first will be used.
Jun 16, 2026 5:45:20 PM org.junit.platform.launcher.core.LauncherConfigurationParameters loadClasspathResource
WARNING: Discovered 2 'junit-platform.properties' configuration files in the classpath; only the first will be used.
]]></system-err>
  </testcase>
  <testcase name="restockMissingInventoryCreatesSuccessResponse" classname="com.ecommerce.inventoryservice.InventoryServiceApplicationTests" time="0.799"/>
  <testcase name="faviconReturnsNotFoundResponse" classname="com.ecommerce.inventoryservice.InventoryServiceApplicationTests" time="0.073"/>
  <testcase name="restockWithoutQuantityReturnsValidationError" classname="com.ecommerce.inventoryservice.InventoryServiceApplicationTests" time="0.012"/>
  <testcase name="restockViaGetQueryParamsWorks" classname="com.ecommerce.inventoryservice.InventoryServiceApplicationTests" time="0.052"/>
  <testcase name="contextLoads" classname="com.ecommerce.inventoryservice.InventoryServiceApplicationTests" time="0.006"/>
  <testcase name="createInventoryReturnsSuccessResponse" classname="com.ecommerce.inventoryservice.InventoryServiceApplicationTests" time="0.034"/>
</testsuite>